app/build/outputs/logs/manifest-merger-debug-report.txt
-- Merging decision tree log ---
manifest
ADDED from src\main\AndroidManifest.xml:2:1-155:12
INJECTED from src\main\AndroidManifest.xml:2:1-155:12
INJECTED from src\main\AndroidManifest.xml:2:1-155:12
INJECTED from src\main\AndroidManifest.xml:2:1-155:12
MERGED from [io.realm:realm-android-library:6.1.0] AndroidManifest.xml:2:1-10:12
MERGED from [com.android.support:multidex:1.0.3] AndroidManifest.xml:17:1-22:12
MERGED from [:sinch-android-rtc:3.12.5] AndroidManifest.xml:2:1-19:12
MERGED from [com.karumi:dexter:4.2.0] AndroidManifest.xml:17:1-32:12
MERGED from [com.android.support:design:28.0.0] AndroidManifest.xml:17:1-24:12
MERGED from [com.eyalbira.loadingdots:loading-dots:1.0.2] AndroidManifest.xml:2:1-14:12
MERGED from [com.iceteck.silicompressorr:silicompressor:2.1] AndroidManifest.xml:2:1-20:12
MERGED from [com.daasuu:animateHorizontalProgressBar:0.2.4] AndroidManifest.xml:2:1-17:12
MERGED from [com.chootdev:timezago:1.1.8] AndroidManifest.xml:2:1-17:12
MERGED from [com.vanniktech:emoji-google:0.5.1] AndroidManifest.xml:2:1-8:12
MERGED from [com.vanniktech:emoji:0.5.1] AndroidManifest.xml:2:1-8:12
MERGED from [com.android.support:appcompat-v7:28.0.0] AndroidManifest.xml:17:1-22:12
MERGED from [com.android.support:cardview-v7:28.0.0] AndroidManifest.xml:17:1-22:12
MERGED from [com.android.support:customtabs:28.0.0] AndroidManifest.xml:17:1-22:12
MERGED from [com.google.firebase:firebase-core:16.0.3] AndroidManifest.xml:2:1-9:12
MERGED from [com.google.firebase:firebase-database:16.0.1] AndroidManifest.xml:2:1-8:12
MERGED from [com.google.firebase:firebase-storage:16.0.1] AndroidManifest.xml:2:1-7:12
MERGED from [com.google.firebase:firebase-auth:16.1.0] AndroidManifest.xml:17:1-42:12
MERGED from [com.google.firebase:firebase-messaging:17.3.3] AndroidManifest.xml:17:1-37:12
MERGED from [com.google.android.gms:play-services-places:16.0.0] AndroidManifest.xml:17:1-24:12
MERGED from [com.google.android.gms:play-services-auth:16.0.1] AndroidManifest.xml:17:1-39:12
MERGED from [de.hdodenhof:circleimageview:2.2.0] AndroidManifest.xml:2:1-11:12
MERGED from [com.kbeanie:multipicker:1.6] AndroidManifest.xml:2:1-23:12
MERGED from [com.github.chrisbanes:PhotoView:2.0.0] AndroidManifest.xml:2:1-12:12
MERGED from [com.mxn.soul:flowingdrawer-core:2.0.0] AndroidManifest.xml:2:1-12:12
MERGED from [com.android.support.constraint:constraint-layout:1.1.3] AndroidManifest.xml:2:1-11:12
MERGED from [com.intuit.sdp:sdp-android:1.0.6] AndroidManifest.xml:2:1-11:12
MERGED from [com.jakewharton:butterknife:8.8.1] AndroidManifest.xml:2:1-7:12
MERGED from [com.squareup.picasso:picasso:2.71828] AndroidManifest.xml:2:1-14:12
MERGED from [com.crashlytics.sdk.android:crashlytics:2.10.1] AndroidManifest.xml:2:1-26:12
MERGED from [android.arch.lifecycle:extensions:1.1.1] AndroidManifest.xml:17:1-30:12
MERGED from [com.github.adrielcafe:AndroidAudioConverter:0.0.8] AndroidManifest.xml:2:1-13:12
MERGED from [com.toptoche.searchablespinner:searchablespinnerlibrary:1.3.1] AndroidManifest.xml:2:1-17:12
MERGED from [com.getkeepsafe.relinker:relinker:1.4.0] AndroidManifest.xml:2:1-7:12
MERGED from [com.google.firebase:firebase-measurement-connector-impl:17.0.1] AndroidManifest.xml:17:1-34:12
MERGED from [com.google.firebase:firebase-analytics:16.0.3] AndroidManifest.xml:17:1-55:12
MERGED from [com.google.firebase:firebase-database-collection:15.0.1] AndroidManifest.xml:2:1-8:12
MERGED from [com.google.firebase:firebase-database-connection:16.0.1] AndroidManifest.xml:2:1-10:12
MERGED from [com.google.firebase:firebase-storage-common:16.0.1] AndroidManifest.xml:2:1-10:12
MERGED from [com.google.firebase:firebase-auth-interop:16.0.1] AndroidManifest.xml:2:1-10:12
MERGED from [com.google.android.gms:play-services-measurement-api:16.0.1] AndroidManifest.xml:17:1-25:12
MERGED from [com.google.firebase:firebase-analytics-impl:16.2.1] AndroidManifest.xml:17:1-40:12
MERGED from [com.google.firebase:firebase-iid:17.0.3] AndroidManifest.xml:17:1-59:12
MERGED from [com.google.firebase:firebase-common:16.0.3] AndroidManifest.xml:2:1-17:12
MERGED from [com.google.android.gms:play-services-flags:16.0.1] AndroidManifest.xml:17:1-22:12
MERGED from [com.google.android.gms:play-services-maps:16.0.0] AndroidManifest.xml:17:1-32:12
MERGED from [com.google.android.gms:play-services-auth-api-phone:16.0.0] AndroidManifest.xml:2:1-7:12
MERGED from [com.google.android.gms:play-services-auth-base:16.0.0] AndroidManifest.xml:2:1-7:12
MERGED from [com.google.firebase:firebase-iid-interop:16.0.1] AndroidManifest.xml:2:1-10:12
MERGED from [com.google.android.gms:play-services-base:16.0.1] AndroidManifest.xml:17:1-29:12
MERGED from [com.google.android.gms:play-services-tasks:16.0.1] AndroidManifest.xml:2:1-9:12
MERGED from [com.google.firebase:firebase-measurement-connector:17.0.1] AndroidManifest.xml:17:1-25:12
MERGED from [com.google.android.gms:play-services-places-placereport:16.0.0] AndroidManifest.xml:17:1-24:12
MERGED from [com.google.android.gms:play-services-stats:16.0.1] AndroidManifest.xml:2:1-9:12
MERGED from [com.google.android.gms:play-services-ads-identifier:15.0.1] AndroidManifest.xml:17:1-24:12
MERGED from [com.google.android.gms:play-services-basement:16.1.0] AndroidManifest.xml:17:1-28:12
MERGED from [com.android.support:support-v4:26.1.0] AndroidManifest.xml:17:1-31:12
MERGED from [com.android.support:support-fragment:28.0.0] AndroidManifest.xml:17:1-22:12
MERGED from [com.android.support:animated-vector-drawable:28.0.0] AndroidManifest.xml:17:1-22:12
MERGED from [com.android.support:recyclerview-v7:28.0.0] AndroidManifest.xml:17:1-22:12
MERGED from [com.android.support:support-core-ui:28.0.0] AndroidManifest.xml:17:1-22:12
MERGED from [com.android.support:support-core-utils:28.0.0] AndroidManifest.xml:17:1-22:12
MERGED from [com.android.support:support-vector-drawable:28.0.0] AndroidManifest.xml:17:1-22:12
MERGED from [com.android.support:transition:28.0.0] AndroidManifest.xml:17:1-22:12
MERGED from [com.android.support:loader:28.0.0] AndroidManifest.xml:17:1-22:12
MERGED from [com.android.support:viewpager:28.0.0] AndroidManifest.xml:17:1-22:12
MERGED from [com.android.support:coordinatorlayout:28.0.0] AndroidManifest.xml:17:1-22:12
MERGED from [com.android.support:drawerlayout:28.0.0] AndroidManifest.xml:17:1-22:12
MERGED from [com.android.support:slidingpanelayout:28.0.0] AndroidManifest.xml:17:1-22:12
MERGED from [com.android.support:customview:28.0.0] AndroidManifest.xml:17:1-22:12
MERGED from [com.android.support:swiperefreshlayout:28.0.0] AndroidManifest.xml:17:1-22:12
MERGED from [com.android.support:asynclayoutinflater:28.0.0] AndroidManifest.xml:17:1-22:12
MERGED from [com.android.support:support-media-compat:26.1.0] AndroidManifest.xml:17:1-31:12
MERGED from [com.android.support:support-compat:28.0.0] AndroidManifest.xml:17:1-24:12
MERGED from [com.android.support:versionedparcelable:28.0.0] AndroidManifest.xml:17:1-25:12
MERGED from [com.android.support:cursoradapter:28.0.0] AndroidManifest.xml:17:1-22:12
MERGED from [com.android.support:interpolator:28.0.0] AndroidManifest.xml:17:1-22:12
MERGED from [com.android.support:exifinterface:27.1.0] AndroidManifest.xml:17:1-22:12
MERGED from [android.arch.lifecycle:runtime:1.1.1] AndroidManifest.xml:17:1-22:12
MERGED from [android.arch.lifecycle:livedata:1.1.1] AndroidManifest.xml:17:1-22:12
MERGED from [android.arch.lifecycle:livedata-core:1.1.1] AndroidManifest.xml:17:1-22:12
MERGED from [android.arch.core:runtime:1.1.1] AndroidManifest.xml:17:1-22:12
MERGED from [android.arch.lifecycle:viewmodel:1.1.1] AndroidManifest.xml:17:1-22:12
MERGED from [com.android.support:documentfile:28.0.0] AndroidManifest.xml:17:1-22:12
MERGED from [com.android.support:localbroadcastmanager:28.0.0] AndroidManifest.xml:17:1-22:12
MERGED from [com.android.support:print:28.0.0] AndroidManifest.xml:17:1-22:12
MERGED from [com.crashlytics.sdk.android:crashlytics-core:2.7.0] AndroidManifest.xml:45:1-56:12
MERGED from [com.crashlytics.sdk.android:beta:1.2.10] AndroidManifest.xml:2:1-13:12
MERGED from [com.crashlytics.sdk.android:answers:1.4.7] AndroidManifest.xml:2:1-13:12
MERGED from [io.fabric.sdk.android:fabric:1.4.8] AndroidManifest.xml:22:1-33:12
MERGED from [com.github.adrielcafe:ffmpeg-android-java:2a627f6ecd] AndroidManifest.xml:2:1-14:12
MERGED from [com.google.android.gms:play-services-measurement-base:16.0.2] AndroidManifest.xml:2:1-9:12
INJECTED from src\main\AndroidManifest.xml:2:1-155:12
INJECTED from src\main\AndroidManifest.xml:2:1-155:12
INJECTED from src\main\AndroidManifest.xml:2:1-155:12
	package
		ADDED from src\main\AndroidManifest.xml:4:5-34
		INJECTED from src\main\AndroidManifest.xml
		INJECTED from src\main\AndroidManifest.xml
	android:versionName
		INJECTED from src\main\AndroidManifest.xml
		ADDED from src\main\AndroidManifest.xml:2:1-155:12
		INJECTED from src\main\AndroidManifest.xml
	xmlns:tools
		ADDED from src\main\AndroidManifest.xml:3:5-51
	android:versionCode
		INJECTED from src\main\AndroidManifest.xml
		ADDED from src\main\AndroidManifest.xml:2:1-155:12
		INJECTED from src\main\AndroidManifest.xml
	xmlns:android
		ADDED from src\main\AndroidManifest.xml:2:11-69
uses-permission#android.permission.READ_EXTERNAL_STORAGE
ADDED from src\main\AndroidManifest.xml:6:5-80
MERGED from [com.iceteck.silicompressorr:silicompressor:2.1] AndroidManifest.xml:11:5-80
MERGED from [com.iceteck.silicompressorr:silicompressor:2.1] AndroidManifest.xml:11:5-80
	android:name
		ADDED from src\main\AndroidManifest.xml:6:22-77
uses-permission#android.permission.READ_CONTACTS
ADDED from src\main\AndroidManifest.xml:7:5-72
	android:name
		ADDED from src\main\AndroidManifest.xml:7:22-69
uses-permission#android.permission.WRITE_EXTERNAL_STORAGE
ADDED from src\main\AndroidManifest.xml:8:5-81
MERGED from [com.iceteck.silicompressorr:silicompressor:2.1] AndroidManifest.xml:12:5-81
MERGED from [com.iceteck.silicompressorr:silicompressor:2.1] AndroidManifest.xml:12:5-81
	android:name
		ADDED from src\main\AndroidManifest.xml:8:22-78
uses-permission#android.permission.CALL_PHONE
ADDED from src\main\AndroidManifest.xml:9:5-69
	android:name
		ADDED from src\main\AndroidManifest.xml:9:22-66
uses-permission#android.permission.INTERNET
ADDED from src\main\AndroidManifest.xml:10:5-67
MERGED from [com.crashlytics.sdk.android:crashlytics:2.10.1] AndroidManifest.xml:16:5-67
MERGED from [com.crashlytics.sdk.android:crashlytics:2.10.1] AndroidManifest.xml:16:5-67
MERGED from [com.google.firebase:firebase-measurement-connector-impl:17.0.1] AndroidManifest.xml:22:5-67
MERGED from [com.google.firebase:firebase-measurement-connector-impl:17.0.1] AndroidManifest.xml:22:5-67
MERGED from [com.google.firebase:firebase-analytics:16.0.3] AndroidManifest.xml:23:5-67
MERGED from [com.google.firebase:firebase-analytics:16.0.3] AndroidManifest.xml:23:5-67
MERGED from [com.google.firebase:firebase-database-connection:16.0.1] AndroidManifest.xml:8:5-67
MERGED from [com.google.firebase:firebase-database-connection:16.0.1] AndroidManifest.xml:8:5-67
MERGED from [com.google.firebase:firebase-storage-common:16.0.1] AndroidManifest.xml:8:5-67
MERGED from [com.google.firebase:firebase-storage-common:16.0.1] AndroidManifest.xml:8:5-67
MERGED from [com.google.firebase:firebase-analytics-impl:16.2.1] AndroidManifest.xml:23:5-67
MERGED from [com.google.firebase:firebase-analytics-impl:16.2.1] AndroidManifest.xml:23:5-67
MERGED from [com.google.firebase:firebase-iid:17.0.3] AndroidManifest.xml:23:5-67
MERGED from [com.google.firebase:firebase-iid:17.0.3] AndroidManifest.xml:23:5-67
MERGED from [com.google.android.gms:play-services-maps:16.0.0] AndroidManifest.xml:24:5-67
MERGED from [com.google.android.gms:play-services-maps:16.0.0] AndroidManifest.xml:24:5-67
MERGED from [com.crashlytics.sdk.android:crashlytics-core:2.7.0] AndroidManifest.xml:52:5-67
MERGED from [com.crashlytics.sdk.android:crashlytics-core:2.7.0] AndroidManifest.xml:52:5-67
MERGED from [com.crashlytics.sdk.android:beta:1.2.10] AndroidManifest.xml:9:5-67
MERGED from [com.crashlytics.sdk.android:beta:1.2.10] AndroidManifest.xml:9:5-67
MERGED from [com.crashlytics.sdk.android:answers:1.4.7] AndroidManifest.xml:9:5-67
MERGED from [com.crashlytics.sdk.android:answers:1.4.7] AndroidManifest.xml:9:5-67
MERGED from [io.fabric.sdk.android:fabric:1.4.8] AndroidManifest.xml:29:5-67
MERGED from [io.fabric.sdk.android:fabric:1.4.8] AndroidManifest.xml:29:5-67
	android:name
		ADDED from src\main\AndroidManifest.xml:10:22-64
uses-permission#android.permission.CAMERA
ADDED from src\main\AndroidManifest.xml:11:5-65
	android:name
		ADDED from src\main\AndroidManifest.xml:11:22-62
uses-permission#android.permission.ACCESS_NETWORK_STATE
ADDED from src\main\AndroidManifest.xml:12:5-79
MERGED from [com.google.firebase:firebase-measurement-connector-impl:17.0.1] AndroidManifest.xml:23:5-79
MERGED from [com.google.firebase:firebase-measurement-connector-impl:17.0.1] AndroidManifest.xml:23:5-79
MERGED from [com.google.firebase:firebase-analytics:16.0.3] AndroidManifest.xml:24:5-79
MERGED from [com.google.firebase:firebase-analytics:16.0.3] AndroidManifest.xml:24:5-79
MERGED from [com.google.firebase:firebase-storage-common:16.0.1] AndroidManifest.xml:7:5-79
MERGED from [com.google.firebase:firebase-storage-common:16.0.1] AndroidManifest.xml:7:5-79
MERGED from [com.google.firebase:firebase-analytics-impl:16.2.1] AndroidManifest.xml:24:5-79
MERGED from [com.google.firebase:firebase-analytics-impl:16.2.1] AndroidManifest.xml:24:5-79
MERGED from [com.google.firebase:firebase-iid:17.0.3] AndroidManifest.xml:22:5-79
MERGED from [com.google.firebase:firebase-iid:17.0.3] AndroidManifest.xml:22:5-79
MERGED from [com.google.android.gms:play-services-maps:16.0.0] AndroidManifest.xml:23:5-79
MERGED from [com.google.android.gms:play-services-maps:16.0.0] AndroidManifest.xml:23:5-79
	android:name
		ADDED from src\main\AndroidManifest.xml:12:22-76
uses-permission#android.permission.RECORD_AUDIO
ADDED from src\main\AndroidManifest.xml:13:5-71
	android:name
		ADDED from src\main\AndroidManifest.xml:13:22-68
uses-permission#android.permission.VIBRATE
ADDED from src\main\AndroidManifest.xml:14:5-66
	android:name
		ADDED from src\main\AndroidManifest.xml:14:22-63
uses-permission#android.permission.MODIFY_AUDIO_SETTINGS
ADDED from src\main\AndroidManifest.xml:15:5-80
	android:name
		ADDED from src\main\AndroidManifest.xml:15:22-77
uses-permission#android.permission.READ_PHONE_STATE
ADDED from src\main\AndroidManifest.xml:16:5-75
	android:name
		ADDED from src\main\AndroidManifest.xml:16:22-72
uses-permission#android.permission.WAKE_LOCK
ADDED from src\main\AndroidManifest.xml:17:5-68
MERGED from [com.google.firebase:firebase-measurement-connector-impl:17.0.1] AndroidManifest.xml:24:5-68
MERGED from [com.google.firebase:firebase-measurement-connector-impl:17.0.1] AndroidManifest.xml:24:5-68
MERGED from [com.google.firebase:firebase-analytics:16.0.3] AndroidManifest.xml:25:5-68
MERGED from [com.google.firebase:firebase-analytics:16.0.3] AndroidManifest.xml:25:5-68
MERGED from [com.google.firebase:firebase-analytics-impl:16.2.1] AndroidManifest.xml:25:5-68
MERGED from [com.google.firebase:firebase-analytics-impl:16.2.1] AndroidManifest.xml:25:5-68
MERGED from [com.google.firebase:firebase-iid:17.0.3] AndroidManifest.xml:24:5-68
MERGED from [com.google.firebase:firebase-iid:17.0.3] AndroidManifest.xml:24:5-68
	android:name
		ADDED from src\main\AndroidManifest.xml:17:22-65
uses-permission#android.permission.DISABLE_KEYGUARD
ADDED from src\main\AndroidManifest.xml:18:5-75
	android:name
		ADDED from src\main\AndroidManifest.xml:18:22-72
uses-permission#android.permission.FOREGROUND_SERVICE
ADDED from src\main\AndroidManifest.xml:19:5-77
	android:name
		ADDED from src\main\AndroidManifest.xml:19:22-74
application
ADDED from src\main\AndroidManifest.xml:21:5-153:19
MERGED from [:sinch-android-rtc:3.12.5] AndroidManifest.xml:11:5-17:19
MERGED from [:sinch-android-rtc:3.12.5] AndroidManifest.xml:11:5-17:19
MERGED from [com.karumi:dexter:4.2.0] AndroidManifest.xml:26:5-30:19
MERGED from [com.karumi:dexter:4.2.0] AndroidManifest.xml:26:5-30:19
MERGED from [com.android.support:design:28.0.0] AndroidManifest.xml:22:5-20
MERGED from [com.android.support:design:28.0.0] AndroidManifest.xml:22:5-20
MERGED from [com.eyalbira.loadingdots:loading-dots:1.0.2] AndroidManifest.xml:11:5-12:19
MERGED from [com.eyalbira.loadingdots:loading-dots:1.0.2] AndroidManifest.xml:11:5-12:19
MERGED from [com.iceteck.silicompressorr:silicompressor:2.1] AndroidManifest.xml:14:5-18:19
MERGED from [com.iceteck.silicompressorr:silicompressor:2.1] AndroidManifest.xml:14:5-18:19
MERGED from [com.daasuu:animateHorizontalProgressBar:0.2.4] AndroidManifest.xml:11:5-15:19
MERGED from [com.daasuu:animateHorizontalProgressBar:0.2.4] AndroidManifest.xml:11:5-15:19
MERGED from [com.chootdev:timezago:1.1.8] AndroidManifest.xml:11:5-15:19
MERGED from [com.chootdev:timezago:1.1.8] AndroidManifest.xml:11:5-15:19
MERGED from [com.google.firebase:firebase-core:16.0.3] AndroidManifest.xml:7:5-20
MERGED from [com.google.firebase:firebase-core:16.0.3] AndroidManifest.xml:7:5-20
MERGED from [com.google.firebase:firebase-auth:16.1.0] AndroidManifest.xml:23:5-40:19
MERGED from [com.google.firebase:firebase-auth:16.1.0] AndroidManifest.xml:23:5-40:19
MERGED from [com.google.firebase:firebase-messaging:17.3.3] AndroidManifest.xml:22:5-35:19
MERGED from [com.google.firebase:firebase-messaging:17.3.3] AndroidManifest.xml:22:5-35:19
MERGED from [com.google.android.gms:play-services-places:16.0.0] AndroidManifest.xml:22:5-20
MERGED from [com.google.android.gms:play-services-places:16.0.0] AndroidManifest.xml:22:5-20
MERGED from [com.google.android.gms:play-services-auth:16.0.1] AndroidManifest.xml:22:5-37:19
MERGED from [com.google.android.gms:play-services-auth:16.0.1] AndroidManifest.xml:22:5-37:19
MERGED from [de.hdodenhof:circleimageview:2.2.0] AndroidManifest.xml:9:5-20
MERGED from [de.hdodenhof:circleimageview:2.2.0] AndroidManifest.xml:9:5-20
MERGED from [com.kbeanie:multipicker:1.6] AndroidManifest.xml:11:5-21:19
MERGED from [com.kbeanie:multipicker:1.6] AndroidManifest.xml:11:5-21:19
MERGED from [com.android.support.constraint:constraint-layout:1.1.3] AndroidManifest.xml:9:5-20
MERGED from [com.android.support.constraint:constraint-layout:1.1.3] AndroidManifest.xml:9:5-20
MERGED from [com.squareup.picasso:picasso:2.71828] AndroidManifest.xml:7:5-12:19
MERGED from [com.squareup.picasso:picasso:2.71828] AndroidManifest.xml:7:5-12:19
MERGED from [com.crashlytics.sdk.android:crashlytics:2.10.1] AndroidManifest.xml:18:5-24:19
MERGED from [com.crashlytics.sdk.android:crashlytics:2.10.1] AndroidManifest.xml:18:5-24:19
MERGED from [android.arch.lifecycle:extensions:1.1.1] AndroidManifest.xml:22:5-28:19
MERGED from [android.arch.lifecycle:extensions:1.1.1] AndroidManifest.xml:22:5-28:19
MERGED from [com.github.adrielcafe:AndroidAudioConverter:0.0.8] AndroidManifest.xml:11:5-53
MERGED from [com.github.adrielcafe:AndroidAudioConverter:0.0.8] AndroidManifest.xml:11:5-53
MERGED from [com.toptoche.searchablespinner:searchablespinnerlibrary:1.3.1] AndroidManifest.xml:11:5-15:19
MERGED from [com.toptoche.searchablespinner:searchablespinnerlibrary:1.3.1] AndroidManifest.xml:11:5-15:19
MERGED from [com.google.firebase:firebase-measurement-connector-impl:17.0.1] AndroidManifest.xml:26:5-32:19
MERGED from [com.google.firebase:firebase-measurement-connector-impl:17.0.1] AndroidManifest.xml:26:5-32:19
MERGED from [com.google.firebase:firebase-analytics:16.0.3] AndroidManifest.xml:28:5-53:19
MERGED from [com.google.firebase:firebase-analytics:16.0.3] AndroidManifest.xml:28:5-53:19
MERGED from [com.google.firebase:firebase-auth-interop:16.0.1] AndroidManifest.xml:7:5-8:19
MERGED from [com.google.firebase:firebase-auth-interop:16.0.1] AndroidManifest.xml:7:5-8:19
MERGED from [com.google.android.gms:play-services-measurement-api:16.0.1] AndroidManifest.xml:22:5-23:19
MERGED from [com.google.android.gms:play-services-measurement-api:16.0.1] AndroidManifest.xml:22:5-23:19
MERGED from [com.google.firebase:firebase-analytics-impl:16.2.1] AndroidManifest.xml:28:5-38:19
MERGED from [com.google.firebase:firebase-analytics-impl:16.2.1] AndroidManifest.xml:28:5-38:19
MERGED from [com.google.firebase:firebase-iid:17.0.3] AndroidManifest.xml:28:5-57:19
MERGED from [com.google.firebase:firebase-iid:17.0.3] AndroidManifest.xml:28:5-57:19
MERGED from [com.google.firebase:firebase-common:16.0.3] AndroidManifest.xml:9:5-15:19
MERGED from [com.google.firebase:firebase-common:16.0.3] AndroidManifest.xml:9:5-15:19
MERGED from [com.google.android.gms:play-services-maps:16.0.0] AndroidManifest.xml:30:5-20
MERGED from [com.google.android.gms:play-services-maps:16.0.0] AndroidManifest.xml:30:5-20
MERGED from [com.google.firebase:firebase-iid-interop:16.0.1] AndroidManifest.xml:7:5-8:19
MERGED from [com.google.firebase:firebase-iid-interop:16.0.1] AndroidManifest.xml:7:5-8:19
MERGED from [com.google.android.gms:play-services-base:16.0.1] AndroidManifest.xml:22:5-27:19
MERGED from [com.google.android.gms:play-services-base:16.0.1] AndroidManifest.xml:22:5-27:19
MERGED from [com.google.android.gms:play-services-tasks:16.0.1] AndroidManifest.xml:7:5-20
MERGED from [com.google.android.gms:play-services-tasks:16.0.1] AndroidManifest.xml:7:5-20
MERGED from [com.google.firebase:firebase-measurement-connector:17.0.1] AndroidManifest.xml:22:5-23:19
MERGED from [com.google.firebase:firebase-measurement-connector:17.0.1] AndroidManifest.xml:22:5-23:19
MERGED from [com.google.android.gms:play-services-places-placereport:16.0.0] AndroidManifest.xml:22:5-20
MERGED from [com.google.android.gms:play-services-places-placereport:16.0.0] AndroidManifest.xml:22:5-20
MERGED from [com.google.android.gms:play-services-stats:16.0.1] AndroidManifest.xml:7:5-20
MERGED from [com.google.android.gms:play-services-stats:16.0.1] AndroidManifest.xml:7:5-20
MERGED from [com.google.android.gms:play-services-ads-identifier:15.0.1] AndroidManifest.xml:22:5-20
MERGED from [com.google.android.gms:play-services-ads-identifier:15.0.1] AndroidManifest.xml:22:5-20
MERGED from [com.google.android.gms:play-services-basement:16.1.0] AndroidManifest.xml:22:5-26:19
MERGED from [com.google.android.gms:play-services-basement:16.1.0] AndroidManifest.xml:22:5-26:19
MERGED from [com.android.support:support-v4:26.1.0] AndroidManifest.xml:25:5-29:19
MERGED from [com.android.support:support-v4:26.1.0] AndroidManifest.xml:25:5-29:19
MERGED from [com.android.support:support-media-compat:26.1.0] AndroidManifest.xml:25:5-29:19
MERGED from [com.android.support:support-media-compat:26.1.0] AndroidManifest.xml:25:5-29:19
MERGED from [com.android.support:support-compat:28.0.0] AndroidManifest.xml:22:5-94
MERGED from [com.android.support:support-compat:28.0.0] AndroidManifest.xml:22:5-94
MERGED from [com.android.support:versionedparcelable:28.0.0] AndroidManifest.xml:22:5-23:19
MERGED from [com.android.support:versionedparcelable:28.0.0] AndroidManifest.xml:22:5-23:19
MERGED from [com.crashlytics.sdk.android:crashlytics-core:2.7.0] AndroidManifest.xml:54:5-20
MERGED from [com.crashlytics.sdk.android:crashlytics-core:2.7.0] AndroidManifest.xml:54:5-20
MERGED from [com.crashlytics.sdk.android:beta:1.2.10] AndroidManifest.xml:11:5-20
MERGED from [com.crashlytics.sdk.android:beta:1.2.10] AndroidManifest.xml:11:5-20
MERGED from [com.crashlytics.sdk.android:answers:1.4.7] AndroidManifest.xml:11:5-20
MERGED from [com.crashlytics.sdk.android:answers:1.4.7] AndroidManifest.xml:11:5-20
MERGED from [io.fabric.sdk.android:fabric:1.4.8] AndroidManifest.xml:31:5-20
MERGED from [io.fabric.sdk.android:fabric:1.4.8] AndroidManifest.xml:31:5-20
MERGED from [com.github.adrielcafe:ffmpeg-android-java:2a627f6ecd] AndroidManifest.xml:12:5-20
MERGED from [com.github.adrielcafe:ffmpeg-android-java:2a627f6ecd] AndroidManifest.xml:12:5-20
MERGED from [com.google.android.gms:play-services-measurement-base:16.0.2] AndroidManifest.xml:7:5-20
MERGED from [com.google.android.gms:play-services-measurement-base:16.0.2] AndroidManifest.xml:7:5-20
	android:supportsRtl
		ADDED from src\main\AndroidManifest.xml:29:9-35
	android:label
		ADDED from src\main\AndroidManifest.xml:27:9-41
	android:appComponentFactory
		ADDED from src\main\AndroidManifest.xml:24:9-53
		REJECTED from [com.android.support:support-compat:28.0.0] AndroidManifest.xml:22:18-91
	android:hardwareAccelerated
		ADDED from src\main\AndroidManifest.xml:25:9-43
	android:largeHeap
		ADDED from src\main\AndroidManifest.xml:28:9-33
	android:icon
		ADDED from src\main\AndroidManifest.xml:26:9-42
	android:allowBackup
		ADDED from src\main\AndroidManifest.xml:23:9-36
		REJECTED from [com.iceteck.silicompressorr:silicompressor:2.1] AndroidManifest.xml:15:9-35
		REJECTED from [com.daasuu:animateHorizontalProgressBar:0.2.4] AndroidManifest.xml:12:9-35
		REJECTED from [com.chootdev:timezago:1.1.8] AndroidManifest.xml:12:9-35
		REJECTED from [com.toptoche.searchablespinner:searchablespinnerlibrary:1.3.1] AndroidManifest.xml:12:9-35
	android:theme
		ADDED from src\main\AndroidManifest.xml:30:9-40
	tools:replace
		ADDED from src\main\AndroidManifest.xml:32:9-72
	android:usesCleartextTraffic
		ADDED from src\main\AndroidManifest.xml:31:9-44
	android:name
		ADDED from src\main\AndroidManifest.xml:22:9-59
activity#virtual.meeting.moi.activities.MainActivity
ADDED from src\main\AndroidManifest.xml:33:9-37:70
	android:screenOrientation
		ADDED from src\main\AndroidManifest.xml:36:13-49
	android:launchMode
		ADDED from src\main\AndroidManifest.xml:35:13-43
	android:windowSoftInputMode
		ADDED from src\main\AndroidManifest.xml:37:13-67
	android:name
		ADDED from src\main\AndroidManifest.xml:34:13-71
activity#virtual.meeting.moi.activities.ChatActivity
ADDED from src\main\AndroidManifest.xml:38:9-48:20
	android:screenOrientation
		ADDED from src\main\AndroidManifest.xml:41:13-49
	android:parentActivityName
		ADDED from src\main\AndroidManifest.xml:40:13-85
	android:windowSoftInputMode
		ADDED from src\main\AndroidManifest.xml:42:13-67
	android:name
		ADDED from src\main\AndroidManifest.xml:39:13-71
meta-data#android.support.PARENT_ACTIVITY
ADDED from src\main\AndroidManifest.xml:45:13-47:79
	android:value
		ADDED from src\main\AndroidManifest.xml:47:17-76
	android:name
		ADDED from src\main\AndroidManifest.xml:46:17-63
activity#virtual.meeting.moi.activities.ImageViewerActivity
ADDED from src\main\AndroidManifest.xml:49:9-87
	android:name
		ADDED from src\main\AndroidManifest.xml:49:19-84
service#virtual.meeting.moi.services.FirebaseChatService
ADDED from src\main\AndroidManifest.xml:51:9-53:38
	android:enabled
		ADDED from src\main\AndroidManifest.xml:53:13-35
	android:name
		ADDED from src\main\AndroidManifest.xml:52:13-76
service#virtual.meeting.moi.services.MyFirebaseMessagingService
ADDED from src\main\AndroidManifest.xml:54:9-58:19
	android:name
		ADDED from src\main\AndroidManifest.xml:54:18-88
intent-filter#action:name:com.google.firebase.MESSAGING_EVENT
ADDED from src\main\AndroidManifest.xml:55:13-57:29
action#com.google.firebase.MESSAGING_EVENT
ADDED from src\main\AndroidManifest.xml:56:17-78
	android:name
		ADDED from src\main\AndroidManifest.xml:56:25-75
receiver#virtual.meeting.moi.receivers.ConnectivityReceiver
ADDED from src\main\AndroidManifest.xml:60:9-66:20
	android:enabled
		ADDED from src\main\AndroidManifest.xml:62:13-35
	android:name
		ADDED from src\main\AndroidManifest.xml:61:13-78
intent-filter#action:name:android.net.conn.CONNECTIVITY_CHANGE
ADDED from src\main\AndroidManifest.xml:63:13-65:29
action#android.net.conn.CONNECTIVITY_CHANGE
ADDED from src\main\AndroidManifest.xml:64:17-79
	android:name
		ADDED from src\main\AndroidManifest.xml:64:25-76
meta-data#com.google.android.geo.API_KEY
ADDED from src\main\AndroidManifest.xml:69:9-71:44
	android:value
		ADDED from src\main\AndroidManifest.xml:71:13-41
	android:name
		ADDED from src\main\AndroidManifest.xml:70:13-58
provider#virtual.meeting.moi.utils.MyFileProvider
ADDED from src\main\AndroidManifest.xml:73:9-82:20
	android:grantUriPermissions
		ADDED from src\main\AndroidManifest.xml:77:13-47
	android:authorities
		ADDED from src\main\AndroidManifest.xml:75:13-52
	android:exported
		ADDED from src\main\AndroidManifest.xml:76:13-37
	tools:replace
		ADDED from src\main\AndroidManifest.xml:78:13-48
	android:name
		ADDED from src\main\AndroidManifest.xml:74:13-68
meta-data#android.support.FILE_PROVIDER_PATHS
ADDED from src\main\AndroidManifest.xml:79:13-81:54
	android:resource
		ADDED from src\main\AndroidManifest.xml:81:17-51
	android:name
		ADDED from src\main\AndroidManifest.xml:80:17-67
activity#virtual.meeting.moi.activities.ContactViewerActivity
ADDED from src\main\AndroidManifest.xml:84:9-87:70
	android:screenOrientation
		ADDED from src\main\AndroidManifest.xml:86:13-49
	android:windowSoftInputMode
		ADDED from src\main\AndroidManifest.xml:87:13-67
	android:name
		ADDED from src\main\AndroidManifest.xml:85:13-80
activity#virtual.meeting.moi.activities.ChatDetailActivity
ADDED from src\main\AndroidManifest.xml:88:9-91:70
	android:screenOrientation
		ADDED from src\main\AndroidManifest.xml:90:13-49
	android:windowSoftInputMode
		ADDED from src\main\AndroidManifest.xml:91:13-67
	android:name
		ADDED from src\main\AndroidManifest.xml:89:13-77
activity#virtual.meeting.moi.activities.SignInActivity
ADDED from src\main\AndroidManifest.xml:92:9-96:70
	android:screenOrientation
		ADDED from src\main\AndroidManifest.xml:94:13-49
	android:windowSoftInputMode
		ADDED from src\main\AndroidManifest.xml:96:13-67
	android:theme
		ADDED from src\main\AndroidManifest.xml:95:13-52
	android:name
		ADDED from src\main\AndroidManifest.xml:93:13-73
activity#virtual.meeting.moi.activities.CallScreenActivity
ADDED from src\main\AndroidManifest.xml:97:9-99:52
	android:screenOrientation
		ADDED from src\main\AndroidManifest.xml:99:13-49
	android:name
		ADDED from src\main\AndroidManifest.xml:98:13-77